<?xml version="1.0" encoding="UTF-8"?>
<!-- Generated by org.testng.reporters.JUnitXMLReporter -->
<testsuite ignored="0" hostname="DESKTOP-SUBEHAT" failures="0" tests="2" name="Default test" time="0.096" errors="0" timestamp="2021-02-02T14:48:31 IST">
  <testcase classname="testngdemo.priority" name="@AfterTest AT" time="0.0">
    <skipped/>
  </testcase> <!-- @AfterTest AT -->
  <testcase classname="testngdemo.priority" name="TC1" time="0.011"/>
  <testcase classname="testngdemo.priority" name="ABC1" time="0.004">
    <skipped/>
  </testcase> <!-- ABC1 -->
</testsuite> <!-- Default test -->
